{"meta": {"format": 3, "version": "7.8.2", "timestamp": "2025-05-30T18:01:34.648450", "branch_coverage": false, "show_contexts": false}, "files": {"eks-handler/main.py": {"executed_lines": [1, 2, 3, 5, 6, 7, 8, 11, 12, 15, 18, 20, 30, 31, 34, 35, 38, 39, 43, 44, 45, 49, 50, 54, 55, 58, 60, 67, 69, 70, 71, 75, 78, 79, 80, 84, 85, 89, 90, 93, 95, 102, 104, 105, 106, 119, 120, 124, 125, 128, 130, 137, 139, 140, 141, 154, 155, 156, 163], "summary": {"covered_lines": 59, "num_statements": 79, "percent_covered": 74.68354430379746, "percent_covered_display": "75", "missing_lines": 20, "excluded_lines": 0}, "missing_lines": [73, 76, 77, 108, 110, 111, 112, 113, 114, 115, 143, 145, 146, 147, 148, 149, 150, 164, 167, 168], "excluded_lines": [], "functions": {"health_check": {"executed_lines": [45], "summary": {"covered_lines": 1, "num_statements": 1, "percent_covered": 100.0, "percent_covered_display": "100", "missing_lines": 0, "excluded_lines": 0}, "missing_lines": [], "excluded_lines": []}, "query_user_notifications": {"executed_lines": [54, 55, 58, 60, 67, 69, 70, 71, 75, 78, 79, 80], "summary": {"covered_lines": 12, "num_statements": 15, "percent_covered": 80.0, "percent_covered_display": "80", "missing_lines": 3, "excluded_lines": 0}, "missing_lines": [73, 76, 77], "excluded_lines": []}, "query_marketing_notifications": {"executed_lines": [89, 90, 93, 95, 102, 104, 105, 106], "summary": {"covered_lines": 8, "num_statements": 15, "percent_covered": 53.333333333333336, "percent_covered_display": "53", "missing_lines": 7, "excluded_lines": 0}, "missing_lines": [108, 110, 111, 112, 113, 114, 115], "excluded_lines": []}, "query_failed_notifications": {"executed_lines": [124, 125, 128, 130, 137, 139, 140, 141], "summary": {"covered_lines": 8, "num_statements": 15, "percent_covered": 53.333333333333336, "percent_covered_display": "53", "missing_lines": 7, "excluded_lines": 0}, "missing_lines": [143, 145, 146, 147, 148, 149, 150], "excluded_lines": []}, "root": {"executed_lines": [156], "summary": {"covered_lines": 1, "num_statements": 1, "percent_covered": 100.0, "percent_covered_display": "100", "missing_lines": 0, "excluded_lines": 0}, "missing_lines": [], "excluded_lines": []}, "": {"executed_lines": [1, 2, 3, 5, 6, 7, 8, 11, 12, 15, 18, 20, 30, 31, 34, 35, 38, 39, 43, 44, 49, 50, 84, 85, 119, 120, 154, 155, 163], "summary": {"covered_lines": 29, "num_statements": 32, "percent_covered": 90.625, "percent_covered_display": "91", "missing_lines": 3, "excluded_lines": 0}, "missing_lines": [164, 167, 168], "excluded_lines": []}}, "classes": {"UserQueryRequest": {"executed_lines": [], "summary": {"covered_lines": 0, "num_statements": 0, "percent_covered": 100.0, "percent_covered_display": "100", "missing_lines": 0, "excluded_lines": 0}, "missing_lines": [], "excluded_lines": []}, "MarketingQueryRequest": {"executed_lines": [], "summary": {"covered_lines": 0, "num_statements": 0, "percent_covered": 100.0, "percent_covered_display": "100", "missing_lines": 0, "excluded_lines": 0}, "missing_lines": [], "excluded_lines": []}, "FailuresQueryRequest": {"executed_lines": [], "summary": {"covered_lines": 0, "num_statements": 0, "percent_covered": 100.0, "percent_covered_display": "100", "missing_lines": 0, "excluded_lines": 0}, "missing_lines": [], "excluded_lines": []}, "": {"executed_lines": [1, 2, 3, 5, 6, 7, 8, 11, 12, 15, 18, 20, 30, 31, 34, 35, 38, 39, 43, 44, 45, 49, 50, 54, 55, 58, 60, 67, 69, 70, 71, 75, 78, 79, 80, 84, 85, 89, 90, 93, 95, 102, 104, 105, 106, 119, 120, 124, 125, 128, 130, 137, 139, 140, 141, 154, 155, 156, 163], "summary": {"covered_lines": 59, "num_statements": 79, "percent_covered": 74.68354430379746, "percent_covered_display": "75", "missing_lines": 20, "excluded_lines": 0}, "missing_lines": [73, 76, 77, 108, 110, 111, 112, 113, 114, 115, 143, 145, 146, 147, 148, 149, 150, 164, 167, 168], "excluded_lines": []}}}, "lambdas/__init__.py": {"executed_lines": [], "summary": {"covered_lines": 0, "num_statements": 0, "percent_covered": 100.0, "percent_covered_display": "100", "missing_lines": 0, "excluded_lines": 0}, "missing_lines": [], "excluded_lines": [], "functions": {"": {"executed_lines": [], "summary": {"covered_lines": 0, "num_statements": 0, "percent_covered": 100.0, "percent_covered_display": "100", "missing_lines": 0, "excluded_lines": 0}, "missing_lines": [], "excluded_lines": []}}, "classes": {"": {"executed_lines": [], "summary": {"covered_lines": 0, "num_statements": 0, "percent_covered": 100.0, "percent_covered_display": "100", "missing_lines": 0, "excluded_lines": 0}, "missing_lines": [], "excluded_lines": []}}}, "lambdas/query_lambda/__init__.py": {"executed_lines": [], "summary": {"covered_lines": 0, "num_statements": 0, "percent_covered": 100.0, "percent_covered_display": "100", "missing_lines": 0, "excluded_lines": 0}, "missing_lines": [], "excluded_lines": [], "functions": {"": {"executed_lines": [], "summary": {"covered_lines": 0, "num_statements": 0, "percent_covered": 100.0, "percent_covered_display": "100", "missing_lines": 0, "excluded_lines": 0}, "missing_lines": [], "excluded_lines": []}}, "classes": {"": {"executed_lines": [], "summary": {"covered_lines": 0, "num_statements": 0, "percent_covered": 100.0, "percent_covered_display": "100", "missing_lines": 0, "excluded_lines": 0}, "missing_lines": [], "excluded_lines": []}}}, "lambdas/query_lambda/app.py": {"executed_lines": [], "summary": {"covered_lines": 0, "num_statements": 34, "percent_covered": 0.0, "percent_covered_display": "0", "missing_lines": 34, "excluded_lines": 0}, "missing_lines": [1, 2, 3, 5, 8, 11, 15, 17, 18, 21, 22, 23, 24, 30, 34, 35, 36, 37, 43, 49, 50, 51, 52, 58, 65, 71, 72, 81, 86, 87, 88, 89, 93, 94], "excluded_lines": [], "functions": {"lambda_handler": {"executed_lines": [], "summary": {"covered_lines": 0, "num_statements": 28, "percent_covered": 0.0, "percent_covered_display": "0", "missing_lines": 28, "excluded_lines": 0}, "missing_lines": [15, 17, 18, 21, 22, 23, 24, 30, 34, 35, 36, 37, 43, 49, 50, 51, 52, 58, 65, 71, 72, 81, 86, 87, 88, 89, 93, 94], "excluded_lines": []}, "": {"executed_lines": [], "summary": {"covered_lines": 0, "num_statements": 6, "percent_covered": 0.0, "percent_covered_display": "0", "missing_lines": 6, "excluded_lines": 0}, "missing_lines": [1, 2, 3, 5, 8, 11], "excluded_lines": []}}, "classes": {"": {"executed_lines": [], "summary": {"covered_lines": 0, "num_statements": 34, "percent_covered": 0.0, "percent_covered_display": "0", "missing_lines": 34, "excluded_lines": 0}, "missing_lines": [1, 2, 3, 5, 8, 11, 15, 17, 18, 21, 22, 23, 24, 30, 34, 35, 36, 37, 43, 49, 50, 51, 52, 58, 65, 71, 72, 81, 86, 87, 88, 89, 93, 94], "excluded_lines": []}}}, "lambdas/query_result_lambda/__init__.py": {"executed_lines": [], "summary": {"covered_lines": 0, "num_statements": 0, "percent_covered": 100.0, "percent_covered_display": "100", "missing_lines": 0, "excluded_lines": 0}, "missing_lines": [], "excluded_lines": [], "functions": {"": {"executed_lines": [], "summary": {"covered_lines": 0, "num_statements": 0, "percent_covered": 100.0, "percent_covered_display": "100", "missing_lines": 0, "excluded_lines": 0}, "missing_lines": [], "excluded_lines": []}}, "classes": {"": {"executed_lines": [], "summary": {"covered_lines": 0, "num_statements": 0, "percent_covered": 100.0, "percent_covered_display": "100", "missing_lines": 0, "excluded_lines": 0}, "missing_lines": [], "excluded_lines": []}}}, "lambdas/query_result_lambda/app.py": {"executed_lines": [], "summary": {"covered_lines": 0, "num_statements": 47, "percent_covered": 0.0, "percent_covered_display": "0", "missing_lines": 47, "excluded_lines": 0}, "missing_lines": [1, 2, 3, 4, 6, 7, 10, 12, 21, 23, 26, 28, 29, 30, 33, 37, 39, 40, 42, 44, 46, 47, 48, 53, 59, 61, 63, 64, 65, 70, 76, 78, 80, 81, 82, 87, 94, 97, 103, 104, 105, 116, 117, 119, 121, 134, 135], "excluded_lines": [], "functions": {"decimal_to_int": {"executed_lines": [], "summary": {"covered_lines": 0, "num_statements": 3, "percent_covered": 0.0, "percent_covered_display": "0", "missing_lines": 3, "excluded_lines": 0}, "missing_lines": [28, 29, 30], "excluded_lines": []}, "lambda_handler": {"executed_lines": [], "summary": {"covered_lines": 0, "num_statements": 32, "percent_covered": 0.0, "percent_covered_display": "0", "missing_lines": 32, "excluded_lines": 0}, "missing_lines": [37, 39, 40, 42, 44, 46, 47, 48, 53, 59, 61, 63, 64, 65, 70, 76, 78, 80, 81, 82, 87, 94, 97, 103, 104, 105, 116, 117, 119, 121, 134, 135], "excluded_lines": []}, "": {"executed_lines": [], "summary": {"covered_lines": 0, "num_statements": 12, "percent_covered": 0.0, "percent_covered_display": "0", "missing_lines": 12, "excluded_lines": 0}, "missing_lines": [1, 2, 3, 4, 6, 7, 10, 12, 21, 23, 26, 33], "excluded_lines": []}}, "classes": {"": {"executed_lines": [], "summary": {"covered_lines": 0, "num_statements": 47, "percent_covered": 0.0, "percent_covered_display": "0", "missing_lines": 47, "excluded_lines": 0}, "missing_lines": [1, 2, 3, 4, 6, 7, 10, 12, 21, 23, 26, 28, 29, 30, 33, 37, 39, 40, 42, 44, 46, 47, 48, 53, 59, 61, 63, 64, 65, 70, 76, 78, 80, 81, 82, 87, 94, 97, 103, 104, 105, 116, 117, 119, 121, 134, 135], "excluded_lines": []}}}, "lambdas/stream_processor_lambda/__init__.py": {"executed_lines": [], "summary": {"covered_lines": 0, "num_statements": 0, "percent_covered": 100.0, "percent_covered_display": "100", "missing_lines": 0, "excluded_lines": 0}, "missing_lines": [], "excluded_lines": [], "functions": {"": {"executed_lines": [], "summary": {"covered_lines": 0, "num_statements": 0, "percent_covered": 100.0, "percent_covered_display": "100", "missing_lines": 0, "excluded_lines": 0}, "missing_lines": [], "excluded_lines": []}}, "classes": {"": {"executed_lines": [], "summary": {"covered_lines": 0, "num_statements": 0, "percent_covered": 100.0, "percent_covered_display": "100", "missing_lines": 0, "excluded_lines": 0}, "missing_lines": [], "excluded_lines": []}}}, "lambdas/stream_processor_lambda/app.py": {"executed_lines": [], "summary": {"covered_lines": 0, "num_statements": 77, "percent_covered": 0.0, "percent_covered_display": "0", "missing_lines": 77, "excluded_lines": 0}, "missing_lines": [1, 2, 3, 4, 6, 9, 10, 13, 15, 24, 26, 29, 35, 36, 37, 39, 40, 41, 42, 43, 44, 45, 47, 50, 61, 62, 63, 66, 69, 73, 74, 75, 77, 79, 80, 82, 84, 86, 87, 89, 91, 93, 96, 97, 98, 99, 103, 104, 105, 106, 108, 110, 111, 113, 115, 116, 117, 119, 120, 121, 124, 125, 128, 129, 130, 132, 134, 144, 145, 146, 149, 153, 155, 165, 166, 169, 170], "excluded_lines": [], "functions": {"transform_record": {"executed_lines": [], "summary": {"covered_lines": 0, "num_statements": 6, "percent_covered": 0.0, "percent_covered_display": "0", "missing_lines": 6, "excluded_lines": 0}, "missing_lines": [35, 50, 61, 62, 63, 66], "excluded_lines": []}, "transform_record.extract_value": {"executed_lines": [], "summary": {"covered_lines": 0, "num_statements": 10, "percent_covered": 0.0, "percent_covered_display": "0", "missing_lines": 10, "excluded_lines": 0}, "missing_lines": [36, 37, 39, 40, 41, 42, 43, 44, 45, 47], "excluded_lines": []}, "lambda_handler": {"executed_lines": [], "summary": {"covered_lines": 0, "num_statements": 42, "percent_covered": 0.0, "percent_covered_display": "0", "missing_lines": 42, "excluded_lines": 0}, "missing_lines": [73, 74, 75, 77, 79, 80, 82, 84, 86, 87, 89, 91, 93, 96, 97, 98, 99, 103, 104, 105, 106, 108, 110, 111, 113, 115, 116, 117, 119, 120, 121, 124, 125, 128, 129, 130, 132, 134, 144, 145, 146, 149], "excluded_lines": []}, "test_transform": {"executed_lines": [], "summary": {"covered_lines": 0, "num_statements": 3, "percent_covered": 0.0, "percent_covered_display": "0", "missing_lines": 3, "excluded_lines": 0}, "missing_lines": [155, 165, 166], "excluded_lines": []}, "": {"executed_lines": [], "summary": {"covered_lines": 0, "num_statements": 16, "percent_covered": 0.0, "percent_covered_display": "0", "missing_lines": 16, "excluded_lines": 0}, "missing_lines": [1, 2, 3, 4, 6, 9, 10, 13, 15, 24, 26, 29, 69, 153, 169, 170], "excluded_lines": []}}, "classes": {"": {"executed_lines": [], "summary": {"covered_lines": 0, "num_statements": 77, "percent_covered": 0.0, "percent_covered_display": "0", "missing_lines": 77, "excluded_lines": 0}, "missing_lines": [1, 2, 3, 4, 6, 9, 10, 13, 15, 24, 26, 29, 35, 36, 37, 39, 40, 41, 42, 43, 44, 45, 47, 50, 61, 62, 63, 66, 69, 73, 74, 75, 77, 79, 80, 82, 84, 86, 87, 89, 91, 93, 96, 97, 98, 99, 103, 104, 105, 106, 108, 110, 111, 113, 115, 116, 117, 119, 120, 121, 124, 125, 128, 129, 130, 132, 134, 144, 145, 146, 149, 153, 155, 165, 166, 169, 170], "excluded_lines": []}}}, "tests/__init__.py": {"executed_lines": [0], "summary": {"covered_lines": 0, "num_statements": 0, "percent_covered": 100.0, "percent_covered_display": "100", "missing_lines": 0, "excluded_lines": 0}, "missing_lines": [], "excluded_lines": [], "functions": {"": {"executed_lines": [], "summary": {"covered_lines": 0, "num_statements": 0, "percent_covered": 100.0, "percent_covered_display": "100", "missing_lines": 0, "excluded_lines": 0}, "missing_lines": [], "excluded_lines": []}}, "classes": {"": {"executed_lines": [], "summary": {"covered_lines": 0, "num_statements": 0, "percent_covered": 100.0, "percent_covered_display": "100", "missing_lines": 0, "excluded_lines": 0}, "missing_lines": [], "excluded_lines": []}}}, "tests/test_eks_handler.py": {"executed_lines": [1, 6, 7, 8, 9, 11, 12, 15, 18, 24, 27, 30, 31, 33, 35, 36, 37, 43, 44, 46, 48, 49, 50, 51, 52, 53, 54, 55, 58, 59, 61, 62, 65, 66, 83, 86, 89, 90, 91, 92, 93, 96, 97, 98, 99, 100, 101, 103, 104, 107, 110, 113, 114, 117, 118, 120, 121, 124, 125, 142, 145, 148, 149, 150, 151, 154, 155, 157, 158, 161, 162, 178, 181, 184, 185, 186, 187, 190, 191, 193, 195, 200, 202, 204, 205, 207, 209, 210, 213], "summary": {"covered_lines": 82, "num_statements": 83, "percent_covered": 98.79518072289157, "percent_covered_display": "99", "missing_lines": 1, "excluded_lines": 0}, "missing_lines": [214], "excluded_lines": [], "functions": {"TestHealthCheck.test_health_endpoint": {"executed_lines": [35, 36, 37], "summary": {"covered_lines": 3, "num_statements": 3, "percent_covered": 100.0, "percent_covered_display": "100", "missing_lines": 0, "excluded_lines": 0}, "missing_lines": [], "excluded_lines": []}, "TestRootEndpoint.test_root_endpoint": {"executed_lines": [48, 49, 50, 51, 52, 53, 54, 55], "summary": {"covered_lines": 8, "num_statements": 8, "percent_covered": 100.0, "percent_covered_display": "100", "missing_lines": 0, "excluded_lines": 0}, "missing_lines": [], "excluded_lines": []}, "TestUserQuery.test_query_user_success": {"executed_lines": [65, 66, 83, 86, 89, 90, 91, 92, 93, 96, 97, 98, 99, 100, 101], "summary": {"covered_lines": 15, "num_statements": 15, "percent_covered": 100.0, "percent_covered_display": "100", "missing_lines": 0, "excluded_lines": 0}, "missing_lines": [], "excluded_lines": []}, "TestUserQuery.test_query_user_lambda_error": {"executed_lines": [107, 110, 113, 114], "summary": {"covered_lines": 4, "num_statements": 4, "percent_covered": 100.0, "percent_covered_display": "100", "missing_lines": 0, "excluded_lines": 0}, "missing_lines": [], "excluded_lines": []}, "TestMarketingQuery.test_query_marketing_success": {"executed_lines": [124, 125, 142, 145, 148, 149, 150, 151], "summary": {"covered_lines": 8, "num_statements": 8, "percent_covered": 100.0, "percent_covered_display": "100", "missing_lines": 0, "excluded_lines": 0}, "missing_lines": [], "excluded_lines": []}, "TestFailuresQuery.test_query_failures_success": {"executed_lines": [161, 162, 178, 181, 184, 185, 186, 187], "summary": {"covered_lines": 8, "num_statements": 8, "percent_covered": 100.0, "percent_covered_display": "100", "missing_lines": 0, "excluded_lines": 0}, "missing_lines": [], "excluded_lines": []}, "TestEdgeCases.test_invalid_json_payload": {"executed_lines": [195, 200], "summary": {"covered_lines": 2, "num_statements": 2, "percent_covered": 100.0, "percent_covered_display": "100", "missing_lines": 0, "excluded_lines": 0}, "missing_lines": [], "excluded_lines": []}, "TestEdgeCases.test_missing_required_field": {"executed_lines": [204, 205], "summary": {"covered_lines": 2, "num_statements": 2, "percent_covered": 100.0, "percent_covered_display": "100", "missing_lines": 0, "excluded_lines": 0}, "missing_lines": [], "excluded_lines": []}, "TestEdgeCases.test_invalid_endpoint": {"executed_lines": [209, 210], "summary": {"covered_lines": 2, "num_statements": 2, "percent_covered": 100.0, "percent_covered_display": "100", "missing_lines": 0, "excluded_lines": 0}, "missing_lines": [], "excluded_lines": []}, "": {"executed_lines": [1, 6, 7, 8, 9, 11, 12, 15, 18, 24, 27, 30, 31, 33, 43, 44, 46, 58, 59, 61, 62, 103, 104, 117, 118, 120, 121, 154, 155, 157, 158, 190, 191, 193, 202, 207, 213], "summary": {"covered_lines": 30, "num_statements": 31, "percent_covered": 96.7741935483871, "percent_covered_display": "97", "missing_lines": 1, "excluded_lines": 0}, "missing_lines": [214], "excluded_lines": []}}, "classes": {"TestHealthCheck": {"executed_lines": [35, 36, 37], "summary": {"covered_lines": 3, "num_statements": 3, "percent_covered": 100.0, "percent_covered_display": "100", "missing_lines": 0, "excluded_lines": 0}, "missing_lines": [], "excluded_lines": []}, "TestRootEndpoint": {"executed_lines": [48, 49, 50, 51, 52, 53, 54, 55], "summary": {"covered_lines": 8, "num_statements": 8, "percent_covered": 100.0, "percent_covered_display": "100", "missing_lines": 0, "excluded_lines": 0}, "missing_lines": [], "excluded_lines": []}, "TestUserQuery": {"executed_lines": [65, 66, 83, 86, 89, 90, 91, 92, 93, 96, 97, 98, 99, 100, 101, 107, 110, 113, 114], "summary": {"covered_lines": 19, "num_statements": 19, "percent_covered": 100.0, "percent_covered_display": "100", "missing_lines": 0, "excluded_lines": 0}, "missing_lines": [], "excluded_lines": []}, "TestMarketingQuery": {"executed_lines": [124, 125, 142, 145, 148, 149, 150, 151], "summary": {"covered_lines": 8, "num_statements": 8, "percent_covered": 100.0, "percent_covered_display": "100", "missing_lines": 0, "excluded_lines": 0}, "missing_lines": [], "excluded_lines": []}, "TestFailuresQuery": {"executed_lines": [161, 162, 178, 181, 184, 185, 186, 187], "summary": {"covered_lines": 8, "num_statements": 8, "percent_covered": 100.0, "percent_covered_display": "100", "missing_lines": 0, "excluded_lines": 0}, "missing_lines": [], "excluded_lines": []}, "TestEdgeCases": {"executed_lines": [195, 200, 204, 205, 209, 210], "summary": {"covered_lines": 6, "num_statements": 6, "percent_covered": 100.0, "percent_covered_display": "100", "missing_lines": 0, "excluded_lines": 0}, "missing_lines": [], "excluded_lines": []}, "": {"executed_lines": [1, 6, 7, 8, 9, 11, 12, 15, 18, 24, 27, 30, 31, 33, 43, 44, 46, 58, 59, 61, 62, 103, 104, 117, 118, 120, 121, 154, 155, 157, 158, 190, 191, 193, 202, 207, 213], "summary": {"covered_lines": 30, "num_statements": 31, "percent_covered": 96.7741935483871, "percent_covered_display": "97", "missing_lines": 1, "excluded_lines": 0}, "missing_lines": [214], "excluded_lines": []}}}, "tests/test_integration.py": {"executed_lines": [1, 6, 7, 9, 10, 11, 14, 15, 18, 19, 21, 22, 24, 32, 34, 35, 37, 38, 40, 43, 44, 46, 57, 60, 68, 69, 70, 73, 81, 84, 85, 88, 89, 91, 94, 97, 98, 100, 101, 103, 111, 114, 115, 116, 117, 121, 124, 125, 127, 137, 140, 141, 149, 156, 157, 168, 169, 171, 172, 174, 182, 185, 186, 189, 190, 193, 196, 197, 198, 201, 202, 204, 206, 207, 208, 209, 211, 212, 215, 220, 222, 224, 225, 226, 231, 232, 233, 236, 238, 241, 244], "summary": {"covered_lines": 86, "num_statements": 98, "percent_covered": 87.75510204081633, "percent_covered_display": "88", "missing_lines": 12, "excluded_lines": 0}, "missing_lines": [118, 119, 151, 152, 164, 165, 217, 218, 227, 228, 239, 245], "excluded_lines": [], "functions": {"TestDynamoDBIntegration.dynamodb_client": {"executed_lines": [24], "summary": {"covered_lines": 1, "num_statements": 1, "percent_covered": 100.0, "percent_covered_display": "100", "missing_lines": 0, "excluded_lines": 0}, "missing_lines": [], "excluded_lines": []}, "TestDynamoDBIntegration.test_tables_exist": {"executed_lines": [34, 35, 37, 38], "summary": {"covered_lines": 4, "num_statements": 4, "percent_covered": 100.0, "percent_covered_display": "100", "missing_lines": 0, "excluded_lines": 0}, "missing_lines": [], "excluded_lines": []}, "TestDynamoDBIntegration.test_can_write_and_read_records": {"executed_lines": [43, 44, 46, 57, 60, 68, 69, 70, 73], "summary": {"covered_lines": 9, "num_statements": 9, "percent_covered": 100.0, "percent_covered_display": "100", "missing_lines": 0, "excluded_lines": 0}, "missing_lines": [], "excluded_lines": []}, "TestDynamoDBIntegration.test_command_records_structure": {"executed_lines": [84, 85, 88, 89, 91, 94], "summary": {"covered_lines": 6, "num_statements": 6, "percent_covered": 100.0, "percent_covered_display": "100", "missing_lines": 0, "excluded_lines": 0}, "missing_lines": [], "excluded_lines": []}, "TestServiceEndToEnd.dynamodb_client": {"executed_lines": [103], "summary": {"covered_lines": 1, "num_statements": 1, "percent_covered": 100.0, "percent_covered_display": "100", "missing_lines": 0, "excluded_lines": 0}, "missing_lines": [], "excluded_lines": []}, "TestServiceEndToEnd.test_health_check_all_services": {"executed_lines": [114, 115, 116, 117], "summary": {"covered_lines": 4, "num_statements": 6, "percent_covered": 66.66666666666667, "percent_covered_display": "67", "missing_lines": 2, "excluded_lines": 0}, "missing_lines": [118, 119], "excluded_lines": []}, "TestServiceEndToEnd.test_query_workflow": {"executed_lines": [124, 125, 127, 137, 140, 141, 149, 156, 157], "summary": {"covered_lines": 9, "num_statements": 13, "percent_covered": 69.23076923076923, "percent_covered_display": "69", "missing_lines": 4, "excluded_lines": 0}, "missing_lines": [151, 152, 164, 165], "excluded_lines": []}, "TestCQRSConsistency.dynamodb_client": {"executed_lines": [174], "summary": {"covered_lines": 1, "num_statements": 1, "percent_covered": 100.0, "percent_covered_display": "100", "missing_lines": 0, "excluded_lines": 0}, "missing_lines": [], "excluded_lines": []}, "TestCQRSConsistency.test_data_consistency": {"executed_lines": [185, 186, 189, 190, 193, 196, 197, 198], "summary": {"covered_lines": 8, "num_statements": 8, "percent_covered": 100.0, "percent_covered_display": "100", "missing_lines": 0, "excluded_lines": 0}, "missing_lines": [], "excluded_lines": []}, "TestPerformance.test_api_response_time": {"executed_lines": [206, 207, 208, 209, 211, 212, 215], "summary": {"covered_lines": 7, "num_statements": 9, "percent_covered": 77.77777777777777, "percent_covered_display": "78", "missing_lines": 2, "excluded_lines": 0}, "missing_lines": [217, 218], "excluded_lines": []}, "TestPerformance.test_concurrent_requests": {"executed_lines": [222, 224, 231, 232, 233, 236, 238, 241], "summary": {"covered_lines": 8, "num_statements": 9, "percent_covered": 88.88888888888889, "percent_covered_display": "89", "missing_lines": 1, "excluded_lines": 0}, "missing_lines": [239], "excluded_lines": []}, "TestPerformance.test_concurrent_requests.make_request": {"executed_lines": [225, 226], "summary": {"covered_lines": 2, "num_statements": 4, "percent_covered": 50.0, "percent_covered_display": "50", "missing_lines": 2, "excluded_lines": 0}, "missing_lines": [227, 228], "excluded_lines": []}, "": {"executed_lines": [1, 6, 7, 9, 10, 11, 14, 15, 18, 19, 21, 22, 32, 40, 81, 97, 98, 100, 101, 111, 121, 168, 169, 171, 172, 182, 201, 202, 204, 220, 244], "summary": {"covered_lines": 26, "num_statements": 27, "percent_covered": 96.29629629629629, "percent_covered_display": "96", "missing_lines": 1, "excluded_lines": 0}, "missing_lines": [245], "excluded_lines": []}}, "classes": {"TestDynamoDBIntegration": {"executed_lines": [24, 34, 35, 37, 38, 43, 44, 46, 57, 60, 68, 69, 70, 73, 84, 85, 88, 89, 91, 94], "summary": {"covered_lines": 20, "num_statements": 20, "percent_covered": 100.0, "percent_covered_display": "100", "missing_lines": 0, "excluded_lines": 0}, "missing_lines": [], "excluded_lines": []}, "TestServiceEndToEnd": {"executed_lines": [103, 114, 115, 116, 117, 124, 125, 127, 137, 140, 141, 149, 156, 157], "summary": {"covered_lines": 14, "num_statements": 20, "percent_covered": 70.0, "percent_covered_display": "70", "missing_lines": 6, "excluded_lines": 0}, "missing_lines": [118, 119, 151, 152, 164, 165], "excluded_lines": []}, "TestCQRSConsistency": {"executed_lines": [174, 185, 186, 189, 190, 193, 196, 197, 198], "summary": {"covered_lines": 9, "num_statements": 9, "percent_covered": 100.0, "percent_covered_display": "100", "missing_lines": 0, "excluded_lines": 0}, "missing_lines": [], "excluded_lines": []}, "TestPerformance": {"executed_lines": [206, 207, 208, 209, 211, 212, 215, 222, 224, 225, 226, 231, 232, 233, 236, 238, 241], "summary": {"covered_lines": 17, "num_statements": 22, "percent_covered": 77.27272727272727, "percent_covered_display": "77", "missing_lines": 5, "excluded_lines": 0}, "missing_lines": [217, 218, 227, 228, 239], "excluded_lines": []}, "": {"executed_lines": [1, 6, 7, 9, 10, 11, 14, 15, 18, 19, 21, 22, 32, 40, 81, 97, 98, 100, 101, 111, 121, 168, 169, 171, 172, 182, 201, 202, 204, 220, 244], "summary": {"covered_lines": 26, "num_statements": 27, "percent_covered": 96.29629629629629, "percent_covered_display": "96", "missing_lines": 1, "excluded_lines": 0}, "missing_lines": [245], "excluded_lines": []}}}}, "totals": {"covered_lines": 227, "num_statements": 418, "percent_covered": 54.30622009569378, "percent_covered_display": "54", "missing_lines": 191, "excluded_lines": 0}}
